[debug] [2018-02-10T07:49:40.842Z] ----------------------------------------------------------------------
[debug] [2018-02-10T07:49:40.846Z] Command:       /Users/ngovancuong/.nvm/versions/node/v8.8.1/bin/node /Users/ngovancuong/.nvm/versions/node/v8.8.1/bin/firebase deploy --debug
[debug] [2018-02-10T07:49:40.846Z] CLI Version:   3.17.4
[debug] [2018-02-10T07:49:40.847Z] Platform:      darwin
[debug] [2018-02-10T07:49:40.847Z] Node Version:  v8.8.1
[debug] [2018-02-10T07:49:40.847Z] Time:          Sat Feb 10 2018 14:49:40 GMT+0700 (+07)
[debug] [2018-02-10T07:49:40.847Z] ----------------------------------------------------------------------
[debug] 
[debug] [2018-02-10T07:49:40.863Z] > command requires scopes: ["email","openid","https://www.googleapis.com/auth/cloudplatformprojects.readonly","https://www.googleapis.com/auth/firebase","https://www.googleapis.com/auth/cloud-platform"]
[debug] [2018-02-10T07:49:40.863Z] > authorizing via signed-in user
[debug] [2018-02-10T07:49:40.865Z] > refreshing access token with scopes: ["email","https://www.googleapis.com/auth/cloud-platform","https://www.googleapis.com/auth/cloudplatformprojects.readonly","https://www.googleapis.com/auth/firebase","openid"]
[debug] [2018-02-10T07:49:40.865Z] >>> HTTP REQUEST POST https://www.googleapis.com/oauth2/v3/token  
 { refresh_token: '1/WMO4JEjuYiPtS2EKyVn3cGFSfEnvh-nBEWWjhVzyU4Q',
  client_id: '563584335869-fgrhgmd47bqnekij5i8b5pr03ho849e6.apps.googleusercontent.com',
  client_secret: 'j9iVZfS8kkCEFUPaAeJV0sAi',
  grant_type: 'refresh_token',
  scope: 'email https://www.googleapis.com/auth/cloud-platform https://www.googleapis.com/auth/cloudplatformprojects.readonly https://www.googleapis.com/auth/firebase openid' } 
 Sat Feb 10 2018 14:49:40 GMT+0700 (+07)
[debug] [2018-02-10T07:49:41.773Z] <<< HTTP RESPONSE 200
[debug] [2018-02-10T07:49:41.791Z] >>> HTTP REQUEST GET https://admin.firebase.com/v1/projects/personal-firebase-4bd2d  
  
 Sat Feb 10 2018 14:49:41 GMT+0700 (+07)
[debug] [2018-02-10T07:49:43.238Z] <<< HTTP RESPONSE 200
[debug] [2018-02-10T07:49:43.240Z] >>> HTTP REQUEST GET https://admin.firebase.com/v1/database/personal-firebase-4bd2d/tokens  
  
 Sat Feb 10 2018 14:49:43 GMT+0700 (+07)
[debug] [2018-02-10T07:49:44.647Z] <<< HTTP RESPONSE 200
[info] 
[info] === Deploying to 'personal-firebase-4bd2d'...
[info] 
[info] i  deploying hosting
[info] i  hosting: preparing _site directory for upload...
[debug] [2018-02-10T07:49:46.147Z] >>> HTTP REQUEST PUT https://deploy.firebase.com/v1/hosting/personal-firebase-4bd2d/uploads/-L4ygFJquxDWgc_k3pu1?fileCount=32&message=  
  
 Sat Feb 10 2018 14:49:46 GMT+0700 (+07)
[debug] [2018-02-10T07:49:51.770Z] <<< HTTP RESPONSE 200
[debug] [2018-02-10T07:49:51.770Z] [hosting] .tgz uploaded successfully, waiting for extraction
[info] ✔  hosting: 32 files uploaded successfully
[debug] [2018-02-10T07:49:52.541Z] >>> HTTP REQUEST POST https://deploy.firebase.com/v1/projects/personal-firebase-4bd2d/releases  
 { hosting: 
   { public: '_site',
     ignore: [ '**/.*', 'firebase.json' ],
     version: '-L4ygFJquxDWgc_k3pu1',
     prefix: '-L4ygFJquxDWgc_k3pu1/',
     manifest: [] } } 
 Sat Feb 10 2018 14:49:52 GMT+0700 (+07)
[debug] [2018-02-10T07:49:54.067Z] <<< HTTP RESPONSE 200
[debug] [2018-02-10T11:47:21.980Z] ----------------------------------------------------------------------
[debug] [2018-02-10T11:47:21.985Z] Command:       /Users/ngovancuong/.nvm/versions/node/v8.8.1/bin/node /Users/ngovancuong/.nvm/versions/node/v8.8.1/bin/firebase deploy --debug
[debug] [2018-02-10T11:47:21.985Z] CLI Version:   3.17.4
[debug] [2018-02-10T11:47:21.985Z] Platform:      darwin
[debug] [2018-02-10T11:47:21.985Z] Node Version:  v8.8.1
[debug] [2018-02-10T11:47:21.986Z] Time:          Sat Feb 10 2018 18:47:21 GMT+0700 (+07)
[debug] [2018-02-10T11:47:21.986Z] ----------------------------------------------------------------------
[debug] 
[debug] [2018-02-10T11:47:21.999Z] > command requires scopes: ["email","openid","https://www.googleapis.com/auth/cloudplatformprojects.readonly","https://www.googleapis.com/auth/firebase","https://www.googleapis.com/auth/cloud-platform"]
[debug] [2018-02-10T11:47:22.000Z] > authorizing via signed-in user
[debug] [2018-02-10T11:47:22.002Z] > refreshing access token with scopes: ["email","https://www.googleapis.com/auth/cloud-platform","https://www.googleapis.com/auth/cloudplatformprojects.readonly","https://www.googleapis.com/auth/firebase","openid"]
[debug] [2018-02-10T11:47:22.002Z] >>> HTTP REQUEST POST https://www.googleapis.com/oauth2/v3/token  
 { refresh_token: '1/WMO4JEjuYiPtS2EKyVn3cGFSfEnvh-nBEWWjhVzyU4Q',
  client_id: '563584335869-fgrhgmd47bqnekij5i8b5pr03ho849e6.apps.googleusercontent.com',
  client_secret: 'j9iVZfS8kkCEFUPaAeJV0sAi',
  grant_type: 'refresh_token',
  scope: 'email https://www.googleapis.com/auth/cloud-platform https://www.googleapis.com/auth/cloudplatformprojects.readonly https://www.googleapis.com/auth/firebase openid' } 
 Sat Feb 10 2018 18:47:22 GMT+0700 (+07)
[debug] [2018-02-10T11:47:22.645Z] <<< HTTP RESPONSE 200
[debug] [2018-02-10T11:47:22.659Z] >>> HTTP REQUEST GET https://admin.firebase.com/v1/projects/personal-firebase-4bd2d  
  
 Sat Feb 10 2018 18:47:22 GMT+0700 (+07)
[debug] [2018-02-10T11:47:23.989Z] <<< HTTP RESPONSE 200
[debug] [2018-02-10T11:47:23.991Z] >>> HTTP REQUEST GET https://admin.firebase.com/v1/database/personal-firebase-4bd2d/tokens  
  
 Sat Feb 10 2018 18:47:23 GMT+0700 (+07)
[debug] [2018-02-10T11:47:25.316Z] <<< HTTP RESPONSE 200
[info] 
[info] === Deploying to 'personal-firebase-4bd2d'...
[info] 
[info] i  deploying hosting
[info] i  hosting: preparing _site directory for upload...
[debug] [2018-02-10T11:47:27.564Z] >>> HTTP REQUEST PUT https://deploy.firebase.com/v1/hosting/personal-firebase-4bd2d/uploads/-L4zXe4g4-6DXh3xtJvx?fileCount=35&message=  
  
 Sat Feb 10 2018 18:47:27 GMT+0700 (+07)
[debug] [2018-02-10T11:47:34.706Z] <<< HTTP RESPONSE 200
[debug] [2018-02-10T11:47:34.706Z] [hosting] .tgz uploaded successfully, waiting for extraction
[info] ✔  hosting: 35 files uploaded successfully
[debug] [2018-02-10T11:47:35.474Z] >>> HTTP REQUEST POST https://deploy.firebase.com/v1/projects/personal-firebase-4bd2d/releases  
 { hosting: 
   { public: '_site',
     ignore: [ '**/.*', 'firebase.json' ],
     version: '-L4zXe4g4-6DXh3xtJvx',
     prefix: '-L4zXe4g4-6DXh3xtJvx/',
     manifest: [] } } 
 Sat Feb 10 2018 18:47:35 GMT+0700 (+07)
[debug] [2018-02-10T11:47:36.951Z] <<< HTTP RESPONSE 200
[debug] [2018-02-10T11:58:52.177Z] ----------------------------------------------------------------------
[debug] [2018-02-10T11:58:52.181Z] Command:       /Users/ngovancuong/.nvm/versions/node/v8.8.1/bin/node /Users/ngovancuong/.nvm/versions/node/v8.8.1/bin/firebase deploy --debug
[debug] [2018-02-10T11:58:52.181Z] CLI Version:   3.17.4
[debug] [2018-02-10T11:58:52.181Z] Platform:      darwin
[debug] [2018-02-10T11:58:52.182Z] Node Version:  v8.8.1
[debug] [2018-02-10T11:58:52.182Z] Time:          Sat Feb 10 2018 18:58:52 GMT+0700 (+07)
[debug] [2018-02-10T11:58:52.182Z] ----------------------------------------------------------------------
[debug] 
[debug] [2018-02-10T11:58:52.196Z] > command requires scopes: ["email","openid","https://www.googleapis.com/auth/cloudplatformprojects.readonly","https://www.googleapis.com/auth/firebase","https://www.googleapis.com/auth/cloud-platform"]
[debug] [2018-02-10T11:58:52.197Z] > authorizing via signed-in user
[debug] [2018-02-10T11:58:52.200Z] >>> HTTP REQUEST GET https://admin.firebase.com/v1/projects/personal-firebase-4bd2d  
  
 Sat Feb 10 2018 18:58:52 GMT+0700 (+07)
[debug] [2018-02-10T11:58:53.812Z] <<< HTTP RESPONSE 200
[debug] [2018-02-10T11:58:53.813Z] >>> HTTP REQUEST GET https://admin.firebase.com/v1/database/personal-firebase-4bd2d/tokens  
  
 Sat Feb 10 2018 18:58:53 GMT+0700 (+07)
[debug] [2018-02-10T11:58:54.892Z] <<< HTTP RESPONSE 200
[info] 
[info] === Deploying to 'personal-firebase-4bd2d'...
[info] 
[info] i  deploying hosting
[info] i  hosting: preparing _site directory for upload...
[debug] [2018-02-10T11:58:56.502Z] >>> HTTP REQUEST PUT https://deploy.firebase.com/v1/hosting/personal-firebase-4bd2d/uploads/-L4z_HJ0V_-s-jrgVJga?fileCount=36&message=  
  
 Sat Feb 10 2018 18:58:56 GMT+0700 (+07)
[debug] [2018-02-10T11:59:08.758Z] <<< HTTP RESPONSE 200
[debug] [2018-02-10T11:59:08.759Z] [hosting] .tgz uploaded successfully, waiting for extraction
[info] ✔  hosting: 36 files uploaded successfully
[debug] [2018-02-10T11:59:09.675Z] >>> HTTP REQUEST POST https://deploy.firebase.com/v1/projects/personal-firebase-4bd2d/releases  
 { hosting: 
   { public: '_site',
     ignore: [ '**/.*', 'firebase.json' ],
     version: '-L4z_HJ0V_-s-jrgVJga',
     prefix: '-L4z_HJ0V_-s-jrgVJga/',
     manifest: [] } } 
 Sat Feb 10 2018 18:59:09 GMT+0700 (+07)
[debug] [2018-02-10T11:59:10.949Z] <<< HTTP RESPONSE 200
[debug] [2018-02-10T12:01:25.955Z] ----------------------------------------------------------------------
[debug] [2018-02-10T12:01:25.961Z] Command:       /Users/ngovancuong/.nvm/versions/node/v8.8.1/bin/node /Users/ngovancuong/.nvm/versions/node/v8.8.1/bin/firebase deploy --debug
[debug] [2018-02-10T12:01:25.962Z] CLI Version:   3.17.4
[debug] [2018-02-10T12:01:25.962Z] Platform:      darwin
[debug] [2018-02-10T12:01:25.963Z] Node Version:  v8.8.1
[debug] [2018-02-10T12:01:25.963Z] Time:          Sat Feb 10 2018 19:01:25 GMT+0700 (+07)
[debug] [2018-02-10T12:01:25.963Z] ----------------------------------------------------------------------
[debug] 
[debug] [2018-02-10T12:01:25.980Z] > command requires scopes: ["email","openid","https://www.googleapis.com/auth/cloudplatformprojects.readonly","https://www.googleapis.com/auth/firebase","https://www.googleapis.com/auth/cloud-platform"]
[debug] [2018-02-10T12:01:25.980Z] > authorizing via signed-in user
[debug] [2018-02-10T12:01:25.983Z] >>> HTTP REQUEST GET https://admin.firebase.com/v1/projects/personal-firebase-4bd2d  
  
 Sat Feb 10 2018 19:01:25 GMT+0700 (+07)
[debug] [2018-02-10T12:01:28.910Z] <<< HTTP RESPONSE 200
[debug] [2018-02-10T12:01:28.911Z] >>> HTTP REQUEST GET https://admin.firebase.com/v1/database/personal-firebase-4bd2d/tokens  
  
 Sat Feb 10 2018 19:01:28 GMT+0700 (+07)
[debug] [2018-02-10T12:01:30.670Z] <<< HTTP RESPONSE 200
[info] 
[info] === Deploying to 'personal-firebase-4bd2d'...
[info] 
[info] i  deploying hosting
[info] i  hosting: preparing _site directory for upload...
[debug] [2018-02-10T12:01:32.583Z] >>> HTTP REQUEST PUT https://deploy.firebase.com/v1/hosting/personal-firebase-4bd2d/uploads/-L4z_sOB-pxwHxwWCHE8?fileCount=36&message=  
  
 Sat Feb 10 2018 19:01:32 GMT+0700 (+07)
[debug] [2018-02-10T12:01:44.740Z] <<< HTTP RESPONSE 200
[debug] [2018-02-10T12:01:44.741Z] [hosting] .tgz uploaded successfully, waiting for extraction
[info] ✔  hosting: 36 files uploaded successfully
[debug] [2018-02-10T12:01:45.646Z] >>> HTTP REQUEST POST https://deploy.firebase.com/v1/projects/personal-firebase-4bd2d/releases  
 { hosting: 
   { public: '_site',
     ignore: [ '**/.*', 'firebase.json' ],
     version: '-L4z_sOB-pxwHxwWCHE8',
     prefix: '-L4z_sOB-pxwHxwWCHE8/',
     manifest: [] } } 
 Sat Feb 10 2018 19:01:45 GMT+0700 (+07)
[debug] [2018-02-10T12:01:47.169Z] <<< HTTP RESPONSE 200
[debug] [2018-02-10T14:09:25.526Z] ----------------------------------------------------------------------
[debug] [2018-02-10T14:09:25.534Z] Command:       /Users/ngovancuong/.nvm/versions/node/v8.8.1/bin/node /Users/ngovancuong/.nvm/versions/node/v8.8.1/bin/firebase deploy --debug
[debug] [2018-02-10T14:09:25.535Z] CLI Version:   3.17.4
[debug] [2018-02-10T14:09:25.535Z] Platform:      darwin
[debug] [2018-02-10T14:09:25.535Z] Node Version:  v8.8.1
[debug] [2018-02-10T14:09:25.535Z] Time:          Sat Feb 10 2018 21:09:25 GMT+0700 (+07)
[debug] [2018-02-10T14:09:25.536Z] ----------------------------------------------------------------------
[debug] 
[debug] [2018-02-10T14:09:25.559Z] > command requires scopes: ["email","openid","https://www.googleapis.com/auth/cloudplatformprojects.readonly","https://www.googleapis.com/auth/firebase","https://www.googleapis.com/auth/cloud-platform"]
[debug] [2018-02-10T14:09:25.560Z] > authorizing via signed-in user
[debug] [2018-02-10T14:09:25.567Z] > refreshing access token with scopes: ["email","https://www.googleapis.com/auth/cloud-platform","https://www.googleapis.com/auth/cloudplatformprojects.readonly","https://www.googleapis.com/auth/firebase","openid"]
[debug] [2018-02-10T14:09:25.568Z] >>> HTTP REQUEST POST https://www.googleapis.com/oauth2/v3/token  
 { refresh_token: '1/WMO4JEjuYiPtS2EKyVn3cGFSfEnvh-nBEWWjhVzyU4Q',
  client_id: '563584335869-fgrhgmd47bqnekij5i8b5pr03ho849e6.apps.googleusercontent.com',
  client_secret: 'j9iVZfS8kkCEFUPaAeJV0sAi',
  grant_type: 'refresh_token',
  scope: 'email https://www.googleapis.com/auth/cloud-platform https://www.googleapis.com/auth/cloudplatformprojects.readonly https://www.googleapis.com/auth/firebase openid' } 
 Sat Feb 10 2018 21:09:25 GMT+0700 (+07)
[debug] [2018-02-10T14:09:27.975Z] <<< HTTP RESPONSE 200
[debug] [2018-02-10T14:09:27.996Z] >>> HTTP REQUEST GET https://admin.firebase.com/v1/projects/personal-firebase-4bd2d  
  
 Sat Feb 10 2018 21:09:27 GMT+0700 (+07)
[debug] [2018-02-10T14:09:30.947Z] <<< HTTP RESPONSE 200
[debug] [2018-02-10T14:09:30.948Z] >>> HTTP REQUEST GET https://admin.firebase.com/v1/database/personal-firebase-4bd2d/tokens  
  
 Sat Feb 10 2018 21:09:30 GMT+0700 (+07)
[debug] [2018-02-10T14:09:32.175Z] <<< HTTP RESPONSE 200
[info] 
[info] === Deploying to 'personal-firebase-4bd2d'...
[info] 
[info] i  deploying hosting
[info] i  hosting: preparing _site directory for upload...
[debug] [2018-02-10T14:09:34.695Z] >>> HTTP REQUEST PUT https://deploy.firebase.com/v1/hosting/personal-firebase-4bd2d/uploads/-L5-2AqiUGNh8zTB6E6q?fileCount=36&message=  
  
 Sat Feb 10 2018 21:09:34 GMT+0700 (+07)
[debug] [2018-02-10T14:09:44.726Z] <<< HTTP RESPONSE 200
[debug] [2018-02-10T14:09:44.727Z] [hosting] .tgz uploaded successfully, waiting for extraction
[info] ✔  hosting: 36 files uploaded successfully
[debug] [2018-02-10T14:09:45.528Z] >>> HTTP REQUEST POST https://deploy.firebase.com/v1/projects/personal-firebase-4bd2d/releases  
 { hosting: 
   { public: '_site',
     ignore: [ '**/.*', 'firebase.json' ],
     version: '-L5-2AqiUGNh8zTB6E6q',
     prefix: '-L5-2AqiUGNh8zTB6E6q/',
     manifest: [] } } 
 Sat Feb 10 2018 21:09:45 GMT+0700 (+07)
[debug] [2018-02-10T14:09:47.634Z] <<< HTTP RESPONSE 200
[debug] [2018-02-10T14:28:10.041Z] ----------------------------------------------------------------------
[debug] [2018-02-10T14:28:10.045Z] Command:       /Users/ngovancuong/.nvm/versions/node/v8.8.1/bin/node /Users/ngovancuong/.nvm/versions/node/v8.8.1/bin/firebase deploy --debug
[debug] [2018-02-10T14:28:10.046Z] CLI Version:   3.17.4
[debug] [2018-02-10T14:28:10.046Z] Platform:      darwin
[debug] [2018-02-10T14:28:10.047Z] Node Version:  v8.8.1
[debug] [2018-02-10T14:28:10.048Z] Time:          Sat Feb 10 2018 21:28:10 GMT+0700 (+07)
[debug] [2018-02-10T14:28:10.048Z] ----------------------------------------------------------------------
[debug] 
[debug] [2018-02-10T14:28:10.064Z] > command requires scopes: ["email","openid","https://www.googleapis.com/auth/cloudplatformprojects.readonly","https://www.googleapis.com/auth/firebase","https://www.googleapis.com/auth/cloud-platform"]
[debug] [2018-02-10T14:28:10.065Z] > authorizing via signed-in user
[debug] [2018-02-10T14:28:10.067Z] >>> HTTP REQUEST GET https://admin.firebase.com/v1/projects/personal-firebase-4bd2d  
  
 Sat Feb 10 2018 21:28:10 GMT+0700 (+07)
[debug] [2018-02-10T14:28:12.050Z] <<< HTTP RESPONSE 200
[debug] [2018-02-10T14:28:12.051Z] >>> HTTP REQUEST GET https://admin.firebase.com/v1/database/personal-firebase-4bd2d/tokens  
  
 Sat Feb 10 2018 21:28:12 GMT+0700 (+07)
[debug] [2018-02-10T14:28:13.394Z] <<< HTTP RESPONSE 200
[info] 
[info] === Deploying to 'personal-firebase-4bd2d'...
[info] 
[info] i  deploying hosting
[info] i  hosting: preparing _site directory for upload...
[debug] [2018-02-10T14:28:16.592Z] >>> HTTP REQUEST PUT https://deploy.firebase.com/v1/hosting/personal-firebase-4bd2d/uploads/-L5-6Sp4f97nmYMJEtFU?fileCount=36&message=  
  
 Sat Feb 10 2018 21:28:16 GMT+0700 (+07)
[debug] [2018-02-10T14:28:28.874Z] <<< HTTP RESPONSE 200
[debug] [2018-02-10T14:28:28.875Z] [hosting] .tgz uploaded successfully, waiting for extraction
[info] ✔  hosting: 36 files uploaded successfully
[debug] [2018-02-10T14:28:30.197Z] >>> HTTP REQUEST POST https://deploy.firebase.com/v1/projects/personal-firebase-4bd2d/releases  
 { hosting: 
   { public: '_site',
     ignore: [ '**/.*', 'firebase.json' ],
     version: '-L5-6Sp4f97nmYMJEtFU',
     prefix: '-L5-6Sp4f97nmYMJEtFU/',
     manifest: [] } } 
 Sat Feb 10 2018 21:28:30 GMT+0700 (+07)
[debug] [2018-02-10T14:28:33.005Z] <<< HTTP RESPONSE 200
[debug] [2018-02-10T14:34:41.310Z] ----------------------------------------------------------------------
[debug] [2018-02-10T14:34:41.313Z] Command:       /Users/ngovancuong/.nvm/versions/node/v8.8.1/bin/node /Users/ngovancuong/.nvm/versions/node/v8.8.1/bin/firebase deploy --debug
[debug] [2018-02-10T14:34:41.314Z] CLI Version:   3.17.4
[debug] [2018-02-10T14:34:41.314Z] Platform:      darwin
[debug] [2018-02-10T14:34:41.314Z] Node Version:  v8.8.1
[debug] [2018-02-10T14:34:41.315Z] Time:          Sat Feb 10 2018 21:34:41 GMT+0700 (+07)
[debug] [2018-02-10T14:34:41.315Z] ----------------------------------------------------------------------
[debug] 
[debug] [2018-02-10T14:34:41.327Z] > command requires scopes: ["email","openid","https://www.googleapis.com/auth/cloudplatformprojects.readonly","https://www.googleapis.com/auth/firebase","https://www.googleapis.com/auth/cloud-platform"]
[debug] [2018-02-10T14:34:41.327Z] > authorizing via signed-in user
[debug] [2018-02-10T14:34:41.330Z] >>> HTTP REQUEST GET https://admin.firebase.com/v1/projects/personal-firebase-4bd2d  
  
 Sat Feb 10 2018 21:34:41 GMT+0700 (+07)
[debug] [2018-02-10T14:34:43.328Z] <<< HTTP RESPONSE 200
[debug] [2018-02-10T14:34:43.330Z] >>> HTTP REQUEST GET https://admin.firebase.com/v1/database/personal-firebase-4bd2d/tokens  
  
 Sat Feb 10 2018 21:34:43 GMT+0700 (+07)
[debug] [2018-02-10T14:34:44.555Z] <<< HTTP RESPONSE 200
[info] 
[info] === Deploying to 'personal-firebase-4bd2d'...
[info] 
[info] i  deploying hosting
[info] i  hosting: preparing _site directory for upload...
[debug] [2018-02-10T14:34:46.183Z] >>> HTTP REQUEST PUT https://deploy.firebase.com/v1/hosting/personal-firebase-4bd2d/uploads/-L5-7ww9k0CAnUqTa1HS?fileCount=35&message=  
  
 Sat Feb 10 2018 21:34:46 GMT+0700 (+07)
[debug] [2018-02-10T14:34:55.322Z] <<< HTTP RESPONSE 200
[debug] [2018-02-10T14:34:55.322Z] [hosting] .tgz uploaded successfully, waiting for extraction
[info] ✔  hosting: 35 files uploaded successfully
[debug] [2018-02-10T14:34:56.271Z] >>> HTTP REQUEST POST https://deploy.firebase.com/v1/projects/personal-firebase-4bd2d/releases  
 { hosting: 
   { public: '_site',
     ignore: [ '**/.*', 'firebase.json' ],
     version: '-L5-7ww9k0CAnUqTa1HS',
     prefix: '-L5-7ww9k0CAnUqTa1HS/',
     manifest: [] } } 
 Sat Feb 10 2018 21:34:56 GMT+0700 (+07)
[debug] [2018-02-10T14:34:57.622Z] <<< HTTP RESPONSE 200
[debug] [2018-02-10T14:56:25.010Z] ----------------------------------------------------------------------
[debug] [2018-02-10T14:56:25.016Z] Command:       /Users/ngovancuong/.nvm/versions/node/v8.8.1/bin/node /Users/ngovancuong/.nvm/versions/node/v8.8.1/bin/firebase deploy --debug
[debug] [2018-02-10T14:56:25.016Z] CLI Version:   3.17.4
[debug] [2018-02-10T14:56:25.016Z] Platform:      darwin
[debug] [2018-02-10T14:56:25.017Z] Node Version:  v8.8.1
[debug] [2018-02-10T14:56:25.017Z] Time:          Sat Feb 10 2018 21:56:25 GMT+0700 (+07)
[debug] [2018-02-10T14:56:25.017Z] ----------------------------------------------------------------------
[debug] 
[debug] [2018-02-10T14:56:25.034Z] > command requires scopes: ["email","openid","https://www.googleapis.com/auth/cloudplatformprojects.readonly","https://www.googleapis.com/auth/firebase","https://www.googleapis.com/auth/cloud-platform"]
[debug] [2018-02-10T14:56:25.035Z] > authorizing via signed-in user
[debug] [2018-02-10T14:56:25.037Z] > refreshing access token with scopes: ["email","https://www.googleapis.com/auth/cloud-platform","https://www.googleapis.com/auth/cloudplatformprojects.readonly","https://www.googleapis.com/auth/firebase","openid"]
[debug] [2018-02-10T14:56:25.037Z] >>> HTTP REQUEST POST https://www.googleapis.com/oauth2/v3/token  
 { refresh_token: '1/WMO4JEjuYiPtS2EKyVn3cGFSfEnvh-nBEWWjhVzyU4Q',
  client_id: '563584335869-fgrhgmd47bqnekij5i8b5pr03ho849e6.apps.googleusercontent.com',
  client_secret: 'j9iVZfS8kkCEFUPaAeJV0sAi',
  grant_type: 'refresh_token',
  scope: 'email https://www.googleapis.com/auth/cloud-platform https://www.googleapis.com/auth/cloudplatformprojects.readonly https://www.googleapis.com/auth/firebase openid' } 
 Sat Feb 10 2018 21:56:25 GMT+0700 (+07)
[debug] [2018-02-10T14:56:25.567Z] <<< HTTP RESPONSE 200
[debug] [2018-02-10T14:56:25.586Z] >>> HTTP REQUEST GET https://admin.firebase.com/v1/projects/personal-firebase-4bd2d  
  
 Sat Feb 10 2018 21:56:25 GMT+0700 (+07)
[debug] [2018-02-10T14:56:26.949Z] <<< HTTP RESPONSE 200
[debug] [2018-02-10T14:56:26.950Z] >>> HTTP REQUEST GET https://admin.firebase.com/v1/database/personal-firebase-4bd2d/tokens  
  
 Sat Feb 10 2018 21:56:26 GMT+0700 (+07)
[debug] [2018-02-10T14:56:28.108Z] <<< HTTP RESPONSE 200
[info] 
[info] === Deploying to 'personal-firebase-4bd2d'...
[info] 
[info] i  deploying hosting
[info] i  hosting: preparing _site directory for upload...
[debug] [2018-02-10T14:56:29.739Z] >>> HTTP REQUEST PUT https://deploy.firebase.com/v1/hosting/personal-firebase-4bd2d/uploads/-L5-CvARwzlXT0oWKUfS?fileCount=35&message=  
  
 Sat Feb 10 2018 21:56:29 GMT+0700 (+07)
[debug] [2018-02-10T14:56:38.521Z] <<< HTTP RESPONSE 200
[debug] [2018-02-10T14:56:38.522Z] [hosting] .tgz uploaded successfully, waiting for extraction
[info] ✔  hosting: 35 files uploaded successfully
[debug] [2018-02-10T14:56:39.490Z] >>> HTTP REQUEST POST https://deploy.firebase.com/v1/projects/personal-firebase-4bd2d/releases  
 { hosting: 
   { public: '_site',
     ignore: [ '**/.*', 'firebase.json' ],
     version: '-L5-CvARwzlXT0oWKUfS',
     prefix: '-L5-CvARwzlXT0oWKUfS/',
     manifest: [] } } 
 Sat Feb 10 2018 21:56:39 GMT+0700 (+07)
[debug] [2018-02-10T14:56:40.880Z] <<< HTTP RESPONSE 200
[debug] [2018-02-10T15:20:53.934Z] ----------------------------------------------------------------------
[debug] [2018-02-10T15:20:53.938Z] Command:       /Users/ngovancuong/.nvm/versions/node/v8.8.1/bin/node /Users/ngovancuong/.nvm/versions/node/v8.8.1/bin/firebase deploy --debug
[debug] [2018-02-10T15:20:53.938Z] CLI Version:   3.17.4
[debug] [2018-02-10T15:20:53.938Z] Platform:      darwin
[debug] [2018-02-10T15:20:53.938Z] Node Version:  v8.8.1
[debug] [2018-02-10T15:20:53.939Z] Time:          Sat Feb 10 2018 22:20:53 GMT+0700 (+07)
[debug] [2018-02-10T15:20:53.939Z] ----------------------------------------------------------------------
[debug] 
[debug] [2018-02-10T15:20:53.951Z] > command requires scopes: ["email","openid","https://www.googleapis.com/auth/cloudplatformprojects.readonly","https://www.googleapis.com/auth/firebase","https://www.googleapis.com/auth/cloud-platform"]
[debug] [2018-02-10T15:20:53.951Z] > authorizing via signed-in user
[debug] [2018-02-10T15:20:53.953Z] >>> HTTP REQUEST GET https://admin.firebase.com/v1/projects/personal-firebase-4bd2d  
  
 Sat Feb 10 2018 22:20:53 GMT+0700 (+07)
[debug] [2018-02-10T15:21:07.456Z] <<< HTTP RESPONSE 200
[debug] [2018-02-10T15:21:07.458Z] >>> HTTP REQUEST GET https://admin.firebase.com/v1/database/personal-firebase-4bd2d/tokens  
  
 Sat Feb 10 2018 22:21:07 GMT+0700 (+07)
[debug] [2018-02-10T15:21:10.676Z] <<< HTTP RESPONSE 200
[info] 
[info] === Deploying to 'personal-firebase-4bd2d'...
[info] 
[info] i  deploying hosting
[info] i  hosting: preparing _site directory for upload...
[debug] [2018-02-10T15:21:15.999Z] >>> HTTP REQUEST PUT https://deploy.firebase.com/v1/hosting/personal-firebase-4bd2d/uploads/-L5-Ia-FGvQSAISRthmP?fileCount=35&message=  
  
 Sat Feb 10 2018 22:21:15 GMT+0700 (+07)
[debug] [2018-02-10T15:21:39.037Z] <<< HTTP RESPONSE 200
[debug] [2018-02-10T15:21:39.037Z] [hosting] .tgz uploaded successfully, waiting for extraction
[info] ✔  hosting: 35 files uploaded successfully
[debug] [2018-02-10T15:21:43.909Z] >>> HTTP REQUEST POST https://deploy.firebase.com/v1/projects/personal-firebase-4bd2d/releases  
 { hosting: 
   { public: '_site',
     ignore: [ '**/.*', 'firebase.json' ],
     version: '-L5-Ia-FGvQSAISRthmP',
     prefix: '-L5-Ia-FGvQSAISRthmP/',
     manifest: [] } } 
 Sat Feb 10 2018 22:21:43 GMT+0700 (+07)
[debug] [2018-02-10T15:22:13.264Z] <<< HTTP RESPONSE 200
[debug] [2018-02-10T15:40:31.666Z] ----------------------------------------------------------------------
[debug] [2018-02-10T15:40:31.670Z] Command:       /Users/ngovancuong/.nvm/versions/node/v8.8.1/bin/node /Users/ngovancuong/.nvm/versions/node/v8.8.1/bin/firebase deploy --debug
[debug] [2018-02-10T15:40:31.670Z] CLI Version:   3.17.4
[debug] [2018-02-10T15:40:31.671Z] Platform:      darwin
[debug] [2018-02-10T15:40:31.671Z] Node Version:  v8.8.1
[debug] [2018-02-10T15:40:31.671Z] Time:          Sat Feb 10 2018 22:40:31 GMT+0700 (+07)
[debug] [2018-02-10T15:40:31.671Z] ----------------------------------------------------------------------
[debug] 
[debug] [2018-02-10T15:40:31.685Z] > command requires scopes: ["email","openid","https://www.googleapis.com/auth/cloudplatformprojects.readonly","https://www.googleapis.com/auth/firebase","https://www.googleapis.com/auth/cloud-platform"]
[debug] [2018-02-10T15:40:31.685Z] > authorizing via signed-in user
[debug] [2018-02-10T15:40:31.687Z] >>> HTTP REQUEST GET https://admin.firebase.com/v1/projects/personal-firebase-4bd2d  
  
 Sat Feb 10 2018 22:40:31 GMT+0700 (+07)
[debug] [2018-02-10T15:40:41.676Z] <<< HTTP RESPONSE 200
[debug] [2018-02-10T15:40:41.677Z] >>> HTTP REQUEST GET https://admin.firebase.com/v1/database/personal-firebase-4bd2d/tokens  
  
 Sat Feb 10 2018 22:40:41 GMT+0700 (+07)
[debug] [2018-02-10T15:40:57.091Z] <<< HTTP RESPONSE 200
[info] 
[info] === Deploying to 'personal-firebase-4bd2d'...
[info] 
[info] i  deploying hosting
[info] i  hosting: preparing _site directory for upload...
[debug] [2018-02-10T15:41:12.751Z] >>> HTTP REQUEST PUT https://deploy.firebase.com/v1/hosting/personal-firebase-4bd2d/uploads/-L5-N9Al-rs1-sbiGu09?fileCount=35&message=  
  
 Sat Feb 10 2018 22:41:12 GMT+0700 (+07)
[debug] [2018-02-10T15:44:03.716Z] ----------------------------------------------------------------------
[debug] [2018-02-10T15:44:03.719Z] Command:       /Users/ngovancuong/.nvm/versions/node/v8.8.1/bin/node /Users/ngovancuong/.nvm/versions/node/v8.8.1/bin/firebase deploy --debug
[debug] [2018-02-10T15:44:03.720Z] CLI Version:   3.17.4
[debug] [2018-02-10T15:44:03.720Z] Platform:      darwin
[debug] [2018-02-10T15:44:03.720Z] Node Version:  v8.8.1
[debug] [2018-02-10T15:44:03.720Z] Time:          Sat Feb 10 2018 22:44:03 GMT+0700 (+07)
[debug] [2018-02-10T15:44:03.720Z] ----------------------------------------------------------------------
[debug] 
[debug] [2018-02-10T15:44:03.732Z] > command requires scopes: ["email","openid","https://www.googleapis.com/auth/cloudplatformprojects.readonly","https://www.googleapis.com/auth/firebase","https://www.googleapis.com/auth/cloud-platform"]
[debug] [2018-02-10T15:44:03.733Z] > authorizing via signed-in user
[debug] [2018-02-10T15:44:03.735Z] > refreshing access token with scopes: ["email","https://www.googleapis.com/auth/cloud-platform","https://www.googleapis.com/auth/cloudplatformprojects.readonly","https://www.googleapis.com/auth/firebase","openid"]
[debug] [2018-02-10T15:44:03.735Z] >>> HTTP REQUEST POST https://www.googleapis.com/oauth2/v3/token  
 { refresh_token: '1/WMO4JEjuYiPtS2EKyVn3cGFSfEnvh-nBEWWjhVzyU4Q',
  client_id: '563584335869-fgrhgmd47bqnekij5i8b5pr03ho849e6.apps.googleusercontent.com',
  client_secret: 'j9iVZfS8kkCEFUPaAeJV0sAi',
  grant_type: 'refresh_token',
  scope: 'email https://www.googleapis.com/auth/cloud-platform https://www.googleapis.com/auth/cloudplatformprojects.readonly https://www.googleapis.com/auth/firebase openid' } 
 Sat Feb 10 2018 22:44:03 GMT+0700 (+07)
[debug] [2018-02-10T15:44:04.282Z] <<< HTTP RESPONSE 200
[debug] [2018-02-10T15:44:04.297Z] >>> HTTP REQUEST GET https://admin.firebase.com/v1/projects/personal-firebase-4bd2d  
  
 Sat Feb 10 2018 22:44:04 GMT+0700 (+07)
[debug] [2018-02-10T15:44:05.571Z] <<< HTTP RESPONSE 200
[debug] [2018-02-10T15:44:05.572Z] >>> HTTP REQUEST GET https://admin.firebase.com/v1/database/personal-firebase-4bd2d/tokens  
  
 Sat Feb 10 2018 22:44:05 GMT+0700 (+07)
[debug] [2018-02-10T15:44:06.831Z] <<< HTTP RESPONSE 200
[info] 
[info] === Deploying to 'personal-firebase-4bd2d'...
[info] 
[info] i  deploying hosting
[info] i  hosting: preparing _site directory for upload...
[debug] [2018-02-10T15:44:08.191Z] >>> HTTP REQUEST PUT https://deploy.firebase.com/v1/hosting/personal-firebase-4bd2d/uploads/-L5-Np3_3ar6k4ZyA3HF?fileCount=35&message=  
  
 Sat Feb 10 2018 22:44:08 GMT+0700 (+07)
[debug] [2018-02-10T15:44:17.306Z] <<< HTTP RESPONSE 200
[debug] [2018-02-10T15:44:17.306Z] [hosting] .tgz uploaded successfully, waiting for extraction
[info] ✔  hosting: 35 files uploaded successfully
[debug] [2018-02-10T15:44:17.424Z] >>> HTTP REQUEST POST https://deploy.firebase.com/v1/projects/personal-firebase-4bd2d/releases  
 { hosting: 
   { public: '_site',
     ignore: [ '**/.*', 'firebase.json' ],
     headers: [ [Object] ],
     version: '-L5-Np3_3ar6k4ZyA3HF',
     prefix: '-L5-Np3_3ar6k4ZyA3HF/',
     manifest: [] } } 
 Sat Feb 10 2018 22:44:17 GMT+0700 (+07)
[debug] [2018-02-10T15:44:18.904Z] <<< HTTP RESPONSE 400
[debug] [2018-02-10T15:44:18.904Z] <<< HTTP RESPONSE BODY
[error] 
[error] Error: HTTP Error: 400, hosting.headers[0] requires property "source"
[debug] [2018-02-10T15:44:18.907Z] Error Context: {
  "body": {
    "error": {
      "code": "INVALID_PARAMETER",
      "message": "hosting.headers[0] requires property \"source\""
    }
  },
  "response": {
    "statusCode": 400,
    "body": {
      "error": {
        "code": "INVALID_PARAMETER",
        "message": "hosting.headers[0] requires property \"source\""
      }
    },
    "headers": {
      "server": "nginx",
      "date": "Sat, 10 Feb 2018 15:44:18 GMT",
      "content-type": "application/json; charset=utf-8",
      "content-length": "98",
      "connection": "close",
      "access-control-allow-origin": "*",
      "access-control-allow-methods": "GET, PUT, POST, DELETE, OPTIONS",
      "strict-transport-security": "max-age=31556926; includeSubDomains; preload",
      "x-content-type-options": "nosniff"
    },
    "request": {
      "uri": {
        "protocol": "https:",
        "slashes": true,
        "auth": null,
        "host": "deploy.firebase.com",
        "port": 443,
        "hostname": "deploy.firebase.com",
        "hash": null,
        "search": null,
        "query": null,
        "pathname": "/v1/projects/personal-firebase-4bd2d/releases",
        "path": "/v1/projects/personal-firebase-4bd2d/releases",
        "href": "https://deploy.firebase.com/v1/projects/personal-firebase-4bd2d/releases"
      },
      "method": "POST"
    }
  }
}
[debug] [2018-02-10T15:51:39.783Z] ----------------------------------------------------------------------
[debug] [2018-02-10T15:51:39.787Z] Command:       /Users/ngovancuong/.nvm/versions/node/v8.8.1/bin/node /Users/ngovancuong/.nvm/versions/node/v8.8.1/bin/firebase deploy --debug
[debug] [2018-02-10T15:51:39.787Z] CLI Version:   3.17.4
[debug] [2018-02-10T15:51:39.787Z] Platform:      darwin
[debug] [2018-02-10T15:51:39.788Z] Node Version:  v8.8.1
[debug] [2018-02-10T15:51:39.788Z] Time:          Sat Feb 10 2018 22:51:39 GMT+0700 (+07)
[debug] [2018-02-10T15:51:39.788Z] ----------------------------------------------------------------------
[debug] 
[debug] [2018-02-10T15:51:39.802Z] > command requires scopes: ["email","openid","https://www.googleapis.com/auth/cloudplatformprojects.readonly","https://www.googleapis.com/auth/firebase","https://www.googleapis.com/auth/cloud-platform"]
[debug] [2018-02-10T15:51:39.802Z] > authorizing via signed-in user
[debug] [2018-02-10T15:51:39.804Z] >>> HTTP REQUEST GET https://admin.firebase.com/v1/projects/personal-firebase-4bd2d  
  
 Sat Feb 10 2018 22:51:39 GMT+0700 (+07)
[debug] [2018-02-10T15:51:41.299Z] <<< HTTP RESPONSE 200
[debug] [2018-02-10T15:51:41.301Z] >>> HTTP REQUEST GET https://admin.firebase.com/v1/database/personal-firebase-4bd2d/tokens  
  
 Sat Feb 10 2018 22:51:41 GMT+0700 (+07)
[debug] [2018-02-10T15:51:42.490Z] <<< HTTP RESPONSE 200
[info] 
[info] === Deploying to 'personal-firebase-4bd2d'...
[info] 
[info] i  deploying hosting
[info] i  hosting: preparing _site directory for upload...
[debug] [2018-02-10T15:51:44.049Z] >>> HTTP REQUEST PUT https://deploy.firebase.com/v1/hosting/personal-firebase-4bd2d/uploads/-L5-PZLiwwvidPQ2ZL5y?fileCount=35&message=  
  
 Sat Feb 10 2018 22:51:44 GMT+0700 (+07)
[debug] [2018-02-10T15:51:51.743Z] <<< HTTP RESPONSE 200
[debug] [2018-02-10T15:51:51.743Z] [hosting] .tgz uploaded successfully, waiting for extraction
[info] ✔  hosting: 35 files uploaded successfully
[debug] [2018-02-10T15:51:52.754Z] >>> HTTP REQUEST POST https://deploy.firebase.com/v1/projects/personal-firebase-4bd2d/releases  
 { hosting: 
   { public: '_site',
     ignore: [ '**/.*', 'firebase.json' ],
     headers: [ [Object] ],
     version: '-L5-PZLiwwvidPQ2ZL5y',
     prefix: '-L5-PZLiwwvidPQ2ZL5y/',
     manifest: [] } } 
 Sat Feb 10 2018 22:51:52 GMT+0700 (+07)
[debug] [2018-02-10T15:51:53.962Z] <<< HTTP RESPONSE 400
[debug] [2018-02-10T15:51:53.962Z] <<< HTTP RESPONSE BODY
[error] 
[error] Error: HTTP Error: 400, hosting.headers[0] requires property "source"
[debug] [2018-02-10T15:51:53.967Z] Error Context: {
  "body": {
    "error": {
      "code": "INVALID_PARAMETER",
      "message": "hosting.headers[0] requires property \"source\""
    }
  },
  "response": {
    "statusCode": 400,
    "body": {
      "error": {
        "code": "INVALID_PARAMETER",
        "message": "hosting.headers[0] requires property \"source\""
      }
    },
    "headers": {
      "server": "nginx",
      "date": "Sat, 10 Feb 2018 15:51:53 GMT",
      "content-type": "application/json; charset=utf-8",
      "content-length": "98",
      "connection": "close",
      "access-control-allow-origin": "*",
      "access-control-allow-methods": "GET, PUT, POST, DELETE, OPTIONS",
      "strict-transport-security": "max-age=31556926; includeSubDomains; preload",
      "x-content-type-options": "nosniff"
    },
    "request": {
      "uri": {
        "protocol": "https:",
        "slashes": true,
        "auth": null,
        "host": "deploy.firebase.com",
        "port": 443,
        "hostname": "deploy.firebase.com",
        "hash": null,
        "search": null,
        "query": null,
        "pathname": "/v1/projects/personal-firebase-4bd2d/releases",
        "path": "/v1/projects/personal-firebase-4bd2d/releases",
        "href": "https://deploy.firebase.com/v1/projects/personal-firebase-4bd2d/releases"
      },
      "method": "POST"
    }
  }
}
[debug] [2018-02-11T02:11:14.687Z] ----------------------------------------------------------------------
[debug] [2018-02-11T02:11:14.692Z] Command:       /Users/ngovancuong/.nvm/versions/node/v8.8.1/bin/node /Users/ngovancuong/.nvm/versions/node/v8.8.1/bin/firebase deploy --debug
[debug] [2018-02-11T02:11:14.693Z] CLI Version:   3.17.4
[debug] [2018-02-11T02:11:14.693Z] Platform:      darwin
[debug] [2018-02-11T02:11:14.693Z] Node Version:  v8.8.1
[debug] [2018-02-11T02:11:14.694Z] Time:          Sun Feb 11 2018 09:11:14 GMT+0700 (+07)
[debug] [2018-02-11T02:11:14.694Z] ----------------------------------------------------------------------
[debug] 
[debug] [2018-02-11T02:11:14.708Z] > command requires scopes: ["email","openid","https://www.googleapis.com/auth/cloudplatformprojects.readonly","https://www.googleapis.com/auth/firebase","https://www.googleapis.com/auth/cloud-platform"]
[debug] [2018-02-11T02:11:14.709Z] > authorizing via signed-in user
[debug] [2018-02-11T02:11:14.711Z] > refreshing access token with scopes: ["email","https://www.googleapis.com/auth/cloud-platform","https://www.googleapis.com/auth/cloudplatformprojects.readonly","https://www.googleapis.com/auth/firebase","openid"]
[debug] [2018-02-11T02:11:14.712Z] >>> HTTP REQUEST POST https://www.googleapis.com/oauth2/v3/token  
 { refresh_token: '1/WMO4JEjuYiPtS2EKyVn3cGFSfEnvh-nBEWWjhVzyU4Q',
  client_id: '563584335869-fgrhgmd47bqnekij5i8b5pr03ho849e6.apps.googleusercontent.com',
  client_secret: 'j9iVZfS8kkCEFUPaAeJV0sAi',
  grant_type: 'refresh_token',
  scope: 'email https://www.googleapis.com/auth/cloud-platform https://www.googleapis.com/auth/cloudplatformprojects.readonly https://www.googleapis.com/auth/firebase openid' } 
 Sun Feb 11 2018 09:11:14 GMT+0700 (+07)
[debug] [2018-02-11T02:11:15.375Z] <<< HTTP RESPONSE 200
[debug] [2018-02-11T02:11:15.395Z] >>> HTTP REQUEST GET https://admin.firebase.com/v1/projects/personal-firebase-4bd2d  
  
 Sun Feb 11 2018 09:11:15 GMT+0700 (+07)
[debug] [2018-02-11T02:11:16.820Z] <<< HTTP RESPONSE 200
[debug] [2018-02-11T02:11:16.821Z] >>> HTTP REQUEST GET https://admin.firebase.com/v1/database/personal-firebase-4bd2d/tokens  
  
 Sun Feb 11 2018 09:11:16 GMT+0700 (+07)
[debug] [2018-02-11T02:11:18.166Z] <<< HTTP RESPONSE 200
[info] 
[info] === Deploying to 'personal-firebase-4bd2d'...
[info] 
[info] i  deploying hosting
[info] i  hosting: preparing _site directory for upload...
[debug] [2018-02-11T02:11:19.621Z] >>> HTTP REQUEST PUT https://deploy.firebase.com/v1/hosting/personal-firebase-4bd2d/uploads/-L51cNQVO7YCgshlrjb9?fileCount=35&message=  
  
 Sun Feb 11 2018 09:11:19 GMT+0700 (+07)
[debug] [2018-02-11T02:11:27.062Z] <<< HTTP RESPONSE 200
[debug] [2018-02-11T02:11:27.062Z] [hosting] .tgz uploaded successfully, waiting for extraction
[info] ✔  hosting: 35 files uploaded successfully
[debug] [2018-02-11T02:11:28.215Z] >>> HTTP REQUEST POST https://deploy.firebase.com/v1/projects/personal-firebase-4bd2d/releases  
 { hosting: 
   { public: '_site',
     ignore: [ '**/.*', 'firebase.json' ],
     headers: [ [Object] ],
     version: '-L51cNQVO7YCgshlrjb9',
     prefix: '-L51cNQVO7YCgshlrjb9/',
     manifest: [] } } 
 Sun Feb 11 2018 09:11:28 GMT+0700 (+07)
[debug] [2018-02-11T02:11:29.535Z] <<< HTTP RESPONSE 400
[debug] [2018-02-11T02:11:29.535Z] <<< HTTP RESPONSE BODY
[error] 
[error] Error: HTTP Error: 400, hosting.headers[0] requires property "source"
[debug] [2018-02-11T02:11:29.540Z] Error Context: {
  "body": {
    "error": {
      "code": "INVALID_PARAMETER",
      "message": "hosting.headers[0] requires property \"source\""
    }
  },
  "response": {
    "statusCode": 400,
    "body": {
      "error": {
        "code": "INVALID_PARAMETER",
        "message": "hosting.headers[0] requires property \"source\""
      }
    },
    "headers": {
      "server": "nginx",
      "date": "Sun, 11 Feb 2018 02:11:29 GMT",
      "content-type": "application/json; charset=utf-8",
      "content-length": "98",
      "connection": "close",
      "access-control-allow-origin": "*",
      "access-control-allow-methods": "GET, PUT, POST, DELETE, OPTIONS",
      "strict-transport-security": "max-age=31556926; includeSubDomains; preload",
      "x-content-type-options": "nosniff"
    },
    "request": {
      "uri": {
        "protocol": "https:",
        "slashes": true,
        "auth": null,
        "host": "deploy.firebase.com",
        "port": 443,
        "hostname": "deploy.firebase.com",
        "hash": null,
        "search": null,
        "query": null,
        "pathname": "/v1/projects/personal-firebase-4bd2d/releases",
        "path": "/v1/projects/personal-firebase-4bd2d/releases",
        "href": "https://deploy.firebase.com/v1/projects/personal-firebase-4bd2d/releases"
      },
      "method": "POST"
    }
  }
}
